2022-05-10 12:40:00.509  INFO 10004 --- [main] com.example.music.MusicApplication       : Starting MusicApplication using Java 13.0.2 on XPXAAD-PF30CPEZ with PID 10004 (C:\Users\ChelseaCole\git\repository3\music\target\classes started by ChelseaCole in C:\Users\ChelseaCole\git\repository3\music)
2022-05-10 12:40:00.519  INFO 10004 --- [main] com.example.music.MusicApplication       : No active profile set, falling back to 1 default profile: "default"
2022-05-10 12:40:01.436  INFO 10004 --- [main] .s.d.r.c.RepositoryConfigurationDelegate : Bootstrapping Spring Data JPA repositories in DEFAULT mode.
2022-05-10 12:40:01.510  INFO 10004 --- [main] .s.d.r.c.RepositoryConfigurationDelegate : Finished Spring Data repository scanning in 63 ms. Found 1 JPA repository interfaces.
2022-05-10 12:40:02.620  INFO 10004 --- [main] o.s.b.w.embedded.tomcat.TomcatWebServer  : Tomcat initialized with port(s): 8080 (http)
2022-05-10 12:40:02.637  INFO 10004 --- [main] o.apache.catalina.core.StandardService   : Starting service [Tomcat]
2022-05-10 12:40:02.637  INFO 10004 --- [main] org.apache.catalina.core.StandardEngine  : Starting Servlet engine: [Apache Tomcat/9.0.62]
2022-05-10 12:40:02.813  INFO 10004 --- [main] o.a.c.c.C.[Tomcat].[localhost].[/]       : Initializing Spring embedded WebApplicationContext
2022-05-10 12:40:02.814  INFO 10004 --- [main] w.s.c.ServletWebServerApplicationContext : Root WebApplicationContext: initialization completed in 2235 ms
2022-05-10 12:40:03.096  INFO 10004 --- [main] o.hibernate.jpa.internal.util.LogHelper  : HHH000204: Processing PersistenceUnitInfo [name: default]
2022-05-10 12:40:03.200  INFO 10004 --- [main] org.hibernate.Version                    : HHH000412: Hibernate ORM core version 5.6.8.Final
2022-05-10 12:40:03.488  INFO 10004 --- [main] o.hibernate.annotations.common.Version   : HCANN000001: Hibernate Commons Annotations {5.1.2.Final}
2022-05-10 12:40:03.666  INFO 10004 --- [main] com.zaxxer.hikari.HikariDataSource       : HikariPool-1 - Starting...
2022-05-10 12:40:03.674  WARN 10004 --- [main] com.zaxxer.hikari.util.DriverDataSource  : Registered driver with driverClassName=com.mysql.jdbc.Driver was not found, trying direct instantiation.
2022-05-10 12:40:04.160  INFO 10004 --- [main] com.zaxxer.hikari.HikariDataSource       : HikariPool-1 - Start completed.
2022-05-10 12:40:04.207  INFO 10004 --- [main] org.hibernate.dialect.Dialect            : HHH000400: Using dialect: org.hibernate.dialect.MySQL8Dialect
2022-05-10 12:40:05.006  INFO 10004 --- [main] o.h.e.t.j.p.i.JtaPlatformInitiator       : HHH000490: Using JtaPlatform implementation: [org.hibernate.engine.transaction.jta.platform.internal.NoJtaPlatform]
2022-05-10 12:40:05.014  INFO 10004 --- [main] j.LocalContainerEntityManagerFactoryBean : Initialized JPA EntityManagerFactory for persistence unit 'default'
2022-05-10 12:40:05.364  WARN 10004 --- [main] JpaBaseConfiguration$JpaWebConfiguration : spring.jpa.open-in-view is enabled by default. Therefore, database queries may be performed during view rendering. Explicitly configure spring.jpa.open-in-view to disable this warning
2022-05-10 12:40:06.101  INFO 10004 --- [main] o.s.b.w.embedded.tomcat.TomcatWebServer  : Tomcat started on port(s): 8080 (http) with context path ''
2022-05-10 12:40:06.112  INFO 10004 --- [main] com.example.music.MusicApplication       : Started MusicApplication in 6.26 seconds (JVM running for 6.804)
2022-05-10 12:40:18.915  INFO 10004 --- [http-nio-8080-exec-1] o.a.c.c.C.[Tomcat].[localhost].[/]       : Initializing Spring DispatcherServlet 'dispatcherServlet'
2022-05-10 12:40:18.916  INFO 10004 --- [http-nio-8080-exec-1] o.s.web.servlet.DispatcherServlet        : Initializing Servlet 'dispatcherServlet'
2022-05-10 12:40:18.917  INFO 10004 --- [http-nio-8080-exec-1] o.s.web.servlet.DispatcherServlet        : Completed initialization in 1 ms
