2022-05-12 10:03:26.968  INFO 29784 --- [main] com.example.music.MusicApplication       : Starting MusicApplication using Java 13.0.2 on XPXAAD-PF30CPEZ with PID 29784 (C:\Users\ChelseaCole\git\repository3\music\target\classes started by ChelseaCole in C:\Users\ChelseaCole\git\repository3\music)
2022-05-12 10:03:26.981  INFO 29784 --- [main] com.example.music.MusicApplication       : No active profile set, falling back to 1 default profile: "default"
2022-05-12 10:03:28.464  INFO 29784 --- [main] .s.d.r.c.RepositoryConfigurationDelegate : Bootstrapping Spring Data JPA repositories in DEFAULT mode.
2022-05-12 10:03:28.590  INFO 29784 --- [main] .s.d.r.c.RepositoryConfigurationDelegate : Finished Spring Data repository scanning in 104 ms. Found 1 JPA repository interfaces.
2022-05-12 10:03:30.647  INFO 29784 --- [main] o.s.b.w.embedded.tomcat.TomcatWebServer  : Tomcat initialized with port(s): 8080 (http)
2022-05-12 10:03:30.673  INFO 29784 --- [main] o.apache.catalina.core.StandardService   : Starting service [Tomcat]
2022-05-12 10:03:30.673  INFO 29784 --- [main] org.apache.catalina.core.StandardEngine  : Starting Servlet engine: [Apache Tomcat/9.0.62]
2022-05-12 10:03:31.022  INFO 29784 --- [main] o.a.c.c.C.[Tomcat].[localhost].[/]       : Initializing Spring embedded WebApplicationContext
2022-05-12 10:03:31.023  INFO 29784 --- [main] w.s.c.ServletWebServerApplicationContext : Root WebApplicationContext: initialization completed in 3947 ms
2022-05-12 10:03:31.482  INFO 29784 --- [main] o.hibernate.jpa.internal.util.LogHelper  : HHH000204: Processing PersistenceUnitInfo [name: default]
2022-05-12 10:03:31.645  INFO 29784 --- [main] org.hibernate.Version                    : HHH000412: Hibernate ORM core version 5.6.8.Final
2022-05-12 10:03:32.132  INFO 29784 --- [main] o.hibernate.annotations.common.Version   : HCANN000001: Hibernate Commons Annotations {5.1.2.Final}
2022-05-12 10:03:32.412  INFO 29784 --- [main] com.zaxxer.hikari.HikariDataSource       : HikariPool-1 - Starting...
2022-05-12 10:03:32.425  WARN 29784 --- [main] com.zaxxer.hikari.util.DriverDataSource  : Registered driver with driverClassName=com.mysql.jdbc.Driver was not found, trying direct instantiation.
2022-05-12 10:03:33.354  INFO 29784 --- [main] com.zaxxer.hikari.HikariDataSource       : HikariPool-1 - Start completed.
2022-05-12 10:03:33.441  INFO 29784 --- [main] org.hibernate.dialect.Dialect            : HHH000400: Using dialect: org.hibernate.dialect.MySQL8Dialect
2022-05-12 10:03:34.991  INFO 29784 --- [main] o.h.e.t.j.p.i.JtaPlatformInitiator       : HHH000490: Using JtaPlatform implementation: [org.hibernate.engine.transaction.jta.platform.internal.NoJtaPlatform]
2022-05-12 10:03:35.012  INFO 29784 --- [main] j.LocalContainerEntityManagerFactoryBean : Initialized JPA EntityManagerFactory for persistence unit 'default'
2022-05-12 10:03:35.627  WARN 29784 --- [main] JpaBaseConfiguration$JpaWebConfiguration : spring.jpa.open-in-view is enabled by default. Therefore, database queries may be performed during view rendering. Explicitly configure spring.jpa.open-in-view to disable this warning
2022-05-12 10:03:37.099  INFO 29784 --- [main] o.s.b.w.embedded.tomcat.TomcatWebServer  : Tomcat started on port(s): 8080 (http) with context path ''
2022-05-12 10:03:37.117  INFO 29784 --- [main] com.example.music.MusicApplication       : Started MusicApplication in 11.081 seconds (JVM running for 11.987)
2022-05-12 10:11:56.439  INFO 29784 --- [http-nio-8080-exec-1] o.a.c.c.C.[Tomcat].[localhost].[/]       : Initializing Spring DispatcherServlet 'dispatcherServlet'
2022-05-12 10:11:56.441  INFO 29784 --- [http-nio-8080-exec-1] o.s.web.servlet.DispatcherServlet        : Initializing Servlet 'dispatcherServlet'
2022-05-12 10:11:56.444  INFO 29784 --- [http-nio-8080-exec-1] o.s.web.servlet.DispatcherServlet        : Completed initialization in 2 ms
2022-05-12 10:23:03.837  INFO 16996 --- [main] com.example.music.MusicApplication       : Starting MusicApplication using Java 13.0.2 on XPXAAD-PF30CPEZ with PID 16996 (C:\Users\ChelseaCole\git\repository3\music\target\classes started by ChelseaCole in C:\Users\ChelseaCole\git\repository3\music)
2022-05-12 10:23:03.846  INFO 16996 --- [main] com.example.music.MusicApplication       : No active profile set, falling back to 1 default profile: "default"
2022-05-12 10:23:05.115  INFO 16996 --- [main] .s.d.r.c.RepositoryConfigurationDelegate : Bootstrapping Spring Data JPA repositories in DEFAULT mode.
2022-05-12 10:23:05.231  INFO 16996 --- [main] .s.d.r.c.RepositoryConfigurationDelegate : Finished Spring Data repository scanning in 95 ms. Found 1 JPA repository interfaces.
2022-05-12 10:23:07.064  INFO 16996 --- [main] o.s.b.w.embedded.tomcat.TomcatWebServer  : Tomcat initialized with port(s): 8080 (http)
2022-05-12 10:23:07.085  INFO 16996 --- [main] o.apache.catalina.core.StandardService   : Starting service [Tomcat]
2022-05-12 10:23:07.087  INFO 16996 --- [main] org.apache.catalina.core.StandardEngine  : Starting Servlet engine: [Apache Tomcat/9.0.62]
2022-05-12 10:23:07.422  INFO 16996 --- [main] o.a.c.c.C.[Tomcat].[localhost].[/]       : Initializing Spring embedded WebApplicationContext
2022-05-12 10:23:07.423  INFO 16996 --- [main] w.s.c.ServletWebServerApplicationContext : Root WebApplicationContext: initialization completed in 3485 ms
2022-05-12 10:23:07.794  INFO 16996 --- [main] o.hibernate.jpa.internal.util.LogHelper  : HHH000204: Processing PersistenceUnitInfo [name: default]
2022-05-12 10:23:07.880  INFO 16996 --- [main] org.hibernate.Version                    : HHH000412: Hibernate ORM core version 5.6.8.Final
2022-05-12 10:23:08.208  INFO 16996 --- [main] o.hibernate.annotations.common.Version   : HCANN000001: Hibernate Commons Annotations {5.1.2.Final}
2022-05-12 10:23:08.389  INFO 16996 --- [main] com.zaxxer.hikari.HikariDataSource       : HikariPool-1 - Starting...
2022-05-12 10:23:08.397  WARN 16996 --- [main] com.zaxxer.hikari.util.DriverDataSource  : Registered driver with driverClassName=com.mysql.jdbc.Driver was not found, trying direct instantiation.
2022-05-12 10:23:08.966  INFO 16996 --- [main] com.zaxxer.hikari.HikariDataSource       : HikariPool-1 - Start completed.
2022-05-12 10:23:09.028  INFO 16996 --- [main] org.hibernate.dialect.Dialect            : HHH000400: Using dialect: org.hibernate.dialect.MySQL8Dialect
2022-05-12 10:23:10.321  INFO 16996 --- [main] o.h.e.t.j.p.i.JtaPlatformInitiator       : HHH000490: Using JtaPlatform implementation: [org.hibernate.engine.transaction.jta.platform.internal.NoJtaPlatform]
2022-05-12 10:23:10.340  INFO 16996 --- [main] j.LocalContainerEntityManagerFactoryBean : Initialized JPA EntityManagerFactory for persistence unit 'default'
2022-05-12 10:23:10.911  WARN 16996 --- [main] JpaBaseConfiguration$JpaWebConfiguration : spring.jpa.open-in-view is enabled by default. Therefore, database queries may be performed during view rendering. Explicitly configure spring.jpa.open-in-view to disable this warning
2022-05-12 10:23:12.150  INFO 16996 --- [main] o.s.b.w.embedded.tomcat.TomcatWebServer  : Tomcat started on port(s): 8080 (http) with context path ''
2022-05-12 10:23:12.171  INFO 16996 --- [main] com.example.music.MusicApplication       : Started MusicApplication in 9.352 seconds (JVM running for 10.172)
2022-05-12 10:23:27.329  INFO 16996 --- [http-nio-8080-exec-2] o.a.c.c.C.[Tomcat].[localhost].[/]       : Initializing Spring DispatcherServlet 'dispatcherServlet'
2022-05-12 10:23:27.330  INFO 16996 --- [http-nio-8080-exec-2] o.s.web.servlet.DispatcherServlet        : Initializing Servlet 'dispatcherServlet'
2022-05-12 10:23:27.332  INFO 16996 --- [http-nio-8080-exec-2] o.s.web.servlet.DispatcherServlet        : Completed initialization in 1 ms
2022-05-12 13:49:32.726  INFO 15816 --- [main] com.example.music.MusicApplication       : Starting MusicApplication using Java 13.0.2 on XPXAAD-PF30CPEZ with PID 15816 (C:\Users\ChelseaCole\git\repository3\music\target\classes started by ChelseaCole in C:\Users\ChelseaCole\git\repository3\music)
2022-05-12 13:49:32.733  INFO 15816 --- [main] com.example.music.MusicApplication       : No active profile set, falling back to 1 default profile: "default"
2022-05-12 13:49:33.392  INFO 15816 --- [main] .s.d.r.c.RepositoryConfigurationDelegate : Bootstrapping Spring Data JPA repositories in DEFAULT mode.
2022-05-12 13:49:33.446  INFO 15816 --- [main] .s.d.r.c.RepositoryConfigurationDelegate : Finished Spring Data repository scanning in 45 ms. Found 1 JPA repository interfaces.
2022-05-12 13:49:34.349  INFO 15816 --- [main] o.s.b.w.embedded.tomcat.TomcatWebServer  : Tomcat initialized with port(s): 8080 (http)
2022-05-12 13:49:34.364  INFO 15816 --- [main] o.apache.catalina.core.StandardService   : Starting service [Tomcat]
2022-05-12 13:49:34.365  INFO 15816 --- [main] org.apache.catalina.core.StandardEngine  : Starting Servlet engine: [Apache Tomcat/9.0.62]
2022-05-12 13:49:34.515  INFO 15816 --- [main] o.a.c.c.C.[Tomcat].[localhost].[/]       : Initializing Spring embedded WebApplicationContext
2022-05-12 13:49:34.516  INFO 15816 --- [main] w.s.c.ServletWebServerApplicationContext : Root WebApplicationContext: initialization completed in 1741 ms
2022-05-12 13:49:34.706  INFO 15816 --- [main] o.hibernate.jpa.internal.util.LogHelper  : HHH000204: Processing PersistenceUnitInfo [name: default]
2022-05-12 13:49:34.791  INFO 15816 --- [main] org.hibernate.Version                    : HHH000412: Hibernate ORM core version 5.6.8.Final
2022-05-12 13:49:35.017  INFO 15816 --- [main] o.hibernate.annotations.common.Version   : HCANN000001: Hibernate Commons Annotations {5.1.2.Final}
2022-05-12 13:49:35.125  INFO 15816 --- [main] com.zaxxer.hikari.HikariDataSource       : HikariPool-1 - Starting...
2022-05-12 13:49:35.132  WARN 15816 --- [main] com.zaxxer.hikari.util.DriverDataSource  : Registered driver with driverClassName=com.mysql.jdbc.Driver was not found, trying direct instantiation.
2022-05-12 13:49:35.435  INFO 15816 --- [main] com.zaxxer.hikari.HikariDataSource       : HikariPool-1 - Start completed.
2022-05-12 13:49:35.470  INFO 15816 --- [main] org.hibernate.dialect.Dialect            : HHH000400: Using dialect: org.hibernate.dialect.MySQL8Dialect
2022-05-12 13:49:36.167  INFO 15816 --- [main] o.h.e.t.j.p.i.JtaPlatformInitiator       : HHH000490: Using JtaPlatform implementation: [org.hibernate.engine.transaction.jta.platform.internal.NoJtaPlatform]
2022-05-12 13:49:36.176  INFO 15816 --- [main] j.LocalContainerEntityManagerFactoryBean : Initialized JPA EntityManagerFactory for persistence unit 'default'
2022-05-12 13:49:36.423  WARN 15816 --- [main] JpaBaseConfiguration$JpaWebConfiguration : spring.jpa.open-in-view is enabled by default. Therefore, database queries may be performed during view rendering. Explicitly configure spring.jpa.open-in-view to disable this warning
2022-05-12 13:49:37.029  INFO 15816 --- [main] o.s.b.w.embedded.tomcat.TomcatWebServer  : Tomcat started on port(s): 8080 (http) with context path ''
2022-05-12 13:49:37.037  INFO 15816 --- [main] com.example.music.MusicApplication       : Started MusicApplication in 4.78 seconds (JVM running for 5.181)
2022-05-12 13:51:43.850  INFO 15816 --- [http-nio-8080-exec-1] o.a.c.c.C.[Tomcat].[localhost].[/]       : Initializing Spring DispatcherServlet 'dispatcherServlet'
2022-05-12 13:51:43.851  INFO 15816 --- [http-nio-8080-exec-1] o.s.web.servlet.DispatcherServlet        : Initializing Servlet 'dispatcherServlet'
2022-05-12 13:51:43.852  INFO 15816 --- [http-nio-8080-exec-1] o.s.web.servlet.DispatcherServlet        : Completed initialization in 1 ms
2022-05-12 22:43:40.033  WARN 15816 --- [HikariPool-1 housekeeper] com.zaxxer.hikari.pool.HikariPool        : HikariPool-1 - Thread starvation or clock leap detected (housekeeper delta=3h19m59s451ms296µs400ns).
