2022-05-13 16:35:41.336  INFO 30692 --- [main] com.example.music.MusicApplication       : Starting MusicApplication using Java 11.0.6 on XPXAAD-PF30CPEZ with PID 30692 (C:\Users\ChelseaCole\OneDrive - Xpanxion\Desktop\Music Application\Back End (Java)\music\target\classes started by ChelseaCole in C:\Users\ChelseaCole\OneDrive - Xpanxion\Desktop\Music Application)
2022-05-13 16:35:41.344  INFO 30692 --- [main] com.example.music.MusicApplication       : No active profile set, falling back to 1 default profile: "default"
2022-05-13 16:35:43.121  INFO 30692 --- [main] .s.d.r.c.RepositoryConfigurationDelegate : Bootstrapping Spring Data JPA repositories in DEFAULT mode.
2022-05-13 16:35:43.254  INFO 30692 --- [main] .s.d.r.c.RepositoryConfigurationDelegate : Finished Spring Data repository scanning in 111 ms. Found 1 JPA repository interfaces.
2022-05-13 16:35:44.834  INFO 30692 --- [main] o.s.b.w.embedded.tomcat.TomcatWebServer  : Tomcat initialized with port(s): 8080 (http)
2022-05-13 16:35:44.855  INFO 30692 --- [main] o.apache.catalina.core.StandardService   : Starting service [Tomcat]
2022-05-13 16:35:44.857  INFO 30692 --- [main] org.apache.catalina.core.StandardEngine  : Starting Servlet engine: [Apache Tomcat/9.0.62]
2022-05-13 16:35:45.135  INFO 30692 --- [main] o.a.c.c.C.[Tomcat].[localhost].[/]       : Initializing Spring embedded WebApplicationContext
2022-05-13 16:35:45.138  INFO 30692 --- [main] w.s.c.ServletWebServerApplicationContext : Root WebApplicationContext: initialization completed in 3519 ms
2022-05-13 16:35:45.578  INFO 30692 --- [main] o.hibernate.jpa.internal.util.LogHelper  : HHH000204: Processing PersistenceUnitInfo [name: default]
2022-05-13 16:35:45.703  INFO 30692 --- [main] org.hibernate.Version                    : HHH000412: Hibernate ORM core version 5.6.8.Final
2022-05-13 16:35:46.035  INFO 30692 --- [main] o.hibernate.annotations.common.Version   : HCANN000001: Hibernate Commons Annotations {5.1.2.Final}
2022-05-13 16:35:46.211  INFO 30692 --- [main] com.zaxxer.hikari.HikariDataSource       : HikariPool-1 - Starting...
2022-05-13 16:35:46.220  WARN 30692 --- [main] com.zaxxer.hikari.util.DriverDataSource  : Registered driver with driverClassName=com.mysql.jdbc.Driver was not found, trying direct instantiation.
2022-05-13 16:35:46.608  INFO 30692 --- [main] com.zaxxer.hikari.HikariDataSource       : HikariPool-1 - Start completed.
2022-05-13 16:35:46.660  INFO 30692 --- [main] org.hibernate.dialect.Dialect            : HHH000400: Using dialect: org.hibernate.dialect.MySQL8Dialect
2022-05-13 16:35:47.860  INFO 30692 --- [main] o.h.e.t.j.p.i.JtaPlatformInitiator       : HHH000490: Using JtaPlatform implementation: [org.hibernate.engine.transaction.jta.platform.internal.NoJtaPlatform]
2022-05-13 16:35:47.874  INFO 30692 --- [main] j.LocalContainerEntityManagerFactoryBean : Initialized JPA EntityManagerFactory for persistence unit 'default'
2022-05-13 16:35:48.489  WARN 30692 --- [main] JpaBaseConfiguration$JpaWebConfiguration : spring.jpa.open-in-view is enabled by default. Therefore, database queries may be performed during view rendering. Explicitly configure spring.jpa.open-in-view to disable this warning
2022-05-13 16:35:49.368  INFO 30692 --- [main] o.s.b.w.embedded.tomcat.TomcatWebServer  : Tomcat started on port(s): 8080 (http) with context path ''
2022-05-13 16:35:49.395  INFO 30692 --- [main] com.example.music.MusicApplication       : Started MusicApplication in 9.359 seconds (JVM running for 10.181)
2022-05-13 16:36:36.770  INFO 30692 --- [http-nio-8080-exec-1] o.a.c.c.C.[Tomcat].[localhost].[/]       : Initializing Spring DispatcherServlet 'dispatcherServlet'
2022-05-13 16:36:36.772  INFO 30692 --- [http-nio-8080-exec-1] o.s.web.servlet.DispatcherServlet        : Initializing Servlet 'dispatcherServlet'
2022-05-13 16:36:36.774  INFO 30692 --- [http-nio-8080-exec-1] o.s.web.servlet.DispatcherServlet        : Completed initialization in 2 ms
2022-05-13 18:38:50.019  WARN 30692 --- [HikariPool-1 housekeeper] com.zaxxer.hikari.pool.HikariPool        : HikariPool-1 - Thread starvation or clock leap detected (housekeeper delta=7m1s535ms793µs600ns).
